[0.107s] Invoking command in '/home/weiwei/Desktop/project/path_follow/build/path_follow': /usr/bin/cmake --build /home/weiwei/Desktop/project/path_follow/build/path_follow -- -j16 -l16
[0.160s] -- Found ament_cmake: 0.9.12 (/opt/ros/foxy/share/ament_cmake/cmake)
[0.176s] -- Using PYTHON_EXECUTABLE: /usr/bin/python3
[0.306s] -- Found rclcpp: 2.4.3 (/opt/ros/foxy/share/rclcpp/cmake)
[0.336s] -- Using all available rosidl_typesupport_c: rosidl_typesupport_fastrtps_c;rosidl_typesupport_introspection_c
[0.338s] -- Found rosidl_adapter: 1.3.1 (/opt/ros/foxy/share/rosidl_adapter/cmake)
[0.435s] -- Using all available rosidl_typesupport_cpp: rosidl_typesupport_fastrtps_cpp;rosidl_typesupport_introspection_cpp
[0.475s] -- Found rmw_implementation_cmake: 1.0.4 (/opt/ros/foxy/share/rmw_implementation_cmake/cmake)
[0.477s] -- Using RMW implementation 'rmw_fastrtps_cpp' as default
[0.578s] -- Found nav_msgs: 2.0.5 (/opt/ros/foxy/share/nav_msgs/cmake)
[0.656s] -- Found visualization_msgs: 2.0.5 (/opt/ros/foxy/share/visualization_msgs/cmake)
[0.704s] -- Found rclcpp_components: 2.4.3 (/opt/ros/foxy/share/rclcpp_components/cmake)
[0.824s] -- Found AMD headers in: /usr/include/suitesparse
[0.824s] -- Found AMD library: /usr/lib/x86_64-linux-gnu/libamd.so
[0.824s] -- Found CAMD headers in: /usr/include/suitesparse
[0.824s] -- Found CAMD library: /usr/lib/x86_64-linux-gnu/libcamd.so
[0.824s] -- Found CCOLAMD headers in: /usr/include/suitesparse
[0.824s] -- Found CCOLAMD library: /usr/lib/x86_64-linux-gnu/libccolamd.so
[0.824s] -- Found CHOLMOD headers in: /usr/include/suitesparse
[0.824s] -- Found CHOLMOD library: /usr/lib/x86_64-linux-gnu/libcholmod.so
[0.824s] -- Found COLAMD headers in: /usr/include/suitesparse
[0.825s] -- Found COLAMD library: /usr/lib/x86_64-linux-gnu/libcolamd.so
[0.825s] -- Found SPQR headers in: /usr/include/suitesparse
[0.825s] -- Found SPQR library: /usr/lib/x86_64-linux-gnu/libspqr.so
[0.825s] -- Found Config headers in: /usr/include/suitesparse
[0.825s] -- Found Config library: /usr/lib/x86_64-linux-gnu/libsuitesparseconfig.so
[0.825s] -- Found Intel Thread Building Blocks (TBB) library (2020.1 / 11101) include location: . Assuming SuiteSparseQR was compiled with TBB.
[0.826s] -- Adding librt to SuiteSparse_config libraries (required on Linux & Unix [not OSX] if SuiteSparse is compiled with timing).
[0.829s] -- Could NOT find METIS (missing: METIS_INCLUDE_DIR METIS_LIBRARY) 
[0.832s] -- Found required Ceres dependency: Eigen version 3.3.9 in /usr/local/share/eigen3/cmake
[0.833s] -- Found required Ceres dependency: glog
[0.834s] -- Found required Ceres dependency: gflags
[0.835s] -- Found Ceres version: 2.2.0 installed in: /usr/local with components: [EigenSparse, SparseLinearAlgebraLibrary, LAPACK, SuiteSparse, SchurSpecializations]
[0.835s] -- Found cv_bridge: 3.0.7 (/opt/ros/foxy/share/cv_bridge/cmake)
[0.913s] -- Found ament_lint_auto: 0.9.8 (/opt/ros/foxy/share/ament_lint_auto/cmake)
[0.947s] Error parsing '/home/weiwei/Desktop/project/path_follow/src/path_follow/package.xml':
[1.036s] Traceback (most recent call last):
[1.036s]   File "/opt/ros/foxy/share/ament_cmake_core/cmake/core/package_xml_2_cmake.py", line 143, in <module>
[1.036s]     main()
[1.036s]   File "/opt/ros/foxy/share/ament_cmake_core/cmake/core/package_xml_2_cmake.py", line 52, in main
[1.036s]     raise e
[1.036s]   File "/opt/ros/foxy/share/ament_cmake_core/cmake/core/package_xml_2_cmake.py", line 48, in main
[1.036s]     package = parse_package_string(
[1.036s]   File "/usr/lib/python3/dist-packages/catkin_pkg/package.py", line 786, in parse_package_string
[1.036s]     raise InvalidPackage('Error(s):%s' % (''.join(['\n- %s' % e for e in errors])), filename)
[1.036s] catkin_pkg.package.InvalidPackage: Error(s) in package '/home/weiwei/Desktop/project/path_follow/src/path_follow/package.xml':
[1.036s] Error(s):
[1.036s] - The generic dependency on 'std_msgs' is redundant with: build_depend, build_export_depend, exec_depend
[1.049s] CMake Error at /opt/ros/foxy/share/ament_cmake_core/cmake/core/ament_package_xml.cmake:94 (message):
[1.050s]   execute_process(/usr/bin/python3
[1.050s]   /opt/ros/foxy/share/ament_cmake_core/cmake/core/package_xml_2_cmake.py
[1.050s]   /home/weiwei/Desktop/project/path_follow/src/path_follow/package.xml
[1.050s]   /home/weiwei/Desktop/project/path_follow/build/path_follow/ament_cmake_core/package.cmake)
[1.050s]   returned error code 1
[1.050s] Call Stack (most recent call first):
[1.050s]   /opt/ros/foxy/share/ament_cmake_core/cmake/core/ament_package_xml.cmake:49 (_ament_package_xml)
[1.050s]   /opt/ros/foxy/share/ament_lint_auto/cmake/ament_lint_auto_find_test_dependencies.cmake:31 (ament_package_xml)
[1.050s]   CMakeLists.txt:39 (ament_lint_auto_find_test_dependencies)
[1.050s] 
[1.050s] 
[1.051s] -- Configuring incomplete, errors occurred!
[1.051s] See also "/home/weiwei/Desktop/project/path_follow/build/path_follow/CMakeFiles/CMakeOutput.log".
[1.051s] See also "/home/weiwei/Desktop/project/path_follow/build/path_follow/CMakeFiles/CMakeError.log".
[1.057s] make: *** [Makefile:326：cmake_check_build_system] 错误 1
[1.059s] Invoked command in '/home/weiwei/Desktop/project/path_follow/build/path_follow' returned '2': /usr/bin/cmake --build /home/weiwei/Desktop/project/path_follow/build/path_follow -- -j16 -l16
